<?xml version="1.0" encoding="UTF-8"?>
<!-- Generated by org.testng.reporters.JUnitXMLReporter -->
<testsuite ignored="0" hostname="DESKTOP-EINPBFD" failures="1" tests="6" name="Default test" time="43.426" errors="0" timestamp="2023-03-20T19:01:52 IST">
  <testcase classname="io.cucumber.testng.AbstractTestNGCucumberTests" name="runScenario" time="30.871">
    <failure type="java.lang.AssertionError" message="expected [We can&amp;apos;t find a bond with this ISIN/Issuer] but found [STATE BNK OF RAJAS]">
      <![CDATA[java.lang.AssertionError: expected [We can't find a bond with this ISIN/Issuer] but found [STATE BNK OF RAJAS]
at org.testng.Assert.fail(Assert.java:110)
at org.testng.Assert.failNotEquals(Assert.java:1577)
at org.testng.Assert.assertEqualsImpl(Assert.java:149)
at org.testng.Assert.assertEquals(Assert.java:131)
at org.testng.Assert.assertEquals(Assert.java:655)
at org.testng.Assert.assertEquals(Assert.java:665)
at PageObjects.ExplorePage.searchissuer(ExplorePage.java:63)
at StepDefination.ExplorePageStepDefination.user_search_for_issuer_in_bond_search(ExplorePageStepDefination.java:46)
at âœ½.user search for issuer STATE BNK OF RAJAS in bond search(file:///C:/Users/kambl/eclipse-workspace/Indiabonds/src/test/java/features/Indiabonds.feature:16)
]]>
    </failure>
  </testcase> <!-- runScenario -->
  <testcase classname="io.cucumber.testng.AbstractTestNGCucumberTests" name="runScenario" time="40.4"/>
  <testcase classname="io.cucumber.testng.AbstractTestNGCucumberTests" name="runScenario" time="40.525"/>
  <testcase classname="io.cucumber.testng.AbstractTestNGCucumberTests" name="runScenario" time="41.975"/>
  <testcase classname="io.cucumber.testng.AbstractTestNGCucumberTests" name="runScenario" time="42.331"/>
  <testcase classname="io.cucumber.testng.AbstractTestNGCucumberTests" name="runScenario" time="42.548"/>
</testsuite> <!-- Default test -->
