<?xml version="1.0" encoding="UTF-8"?>
<!-- Generated by org.testng.reporters.JUnitReportReporter -->
<testsuite hostname="DESKTOP-EINPBFD" failures="1" tests="6" name="TestNGRunner.TestNGRunner" time="238.650" errors="0" timestamp="2023-03-20T19:01:52 IST" skipped="0">
  <testcase classname="TestNGRunner.TestNGRunner" name="runScenario" time="42.331"/>
  <system-out/>
  <testcase classname="TestNGRunner.TestNGRunner" name="runScenario" time="41.975"/>
  <system-out/>
  <testcase classname="TestNGRunner.TestNGRunner" name="runScenario" time="40.400"/>
  <system-out/>
  <testcase classname="TestNGRunner.TestNGRunner" name="runScenario" time="42.548"/>
  <system-out/>
  <testcase classname="TestNGRunner.TestNGRunner" name="runScenario" time="30.871">
    <failure message="expected [We can&#039;t find a bond with this ISIN/Issuer] but found [STATE BNK OF RAJAS]" type="java.lang.AssertionError">
      <![CDATA[java.lang.AssertionError: expected [We can't find a bond with this ISIN/Issuer] but found [STATE BNK OF RAJAS]
at org.testng.Assert.fail(Assert.java:110)
at org.testng.Assert.failNotEquals(Assert.java:1577)
at org.testng.Assert.assertEqualsImpl(Assert.java:149)
at org.testng.Assert.assertEquals(Assert.java:131)
at org.testng.Assert.assertEquals(Assert.java:655)
at org.testng.Assert.assertEquals(Assert.java:665)
at PageObjects.ExplorePage.searchissuer(ExplorePage.java:63)
at StepDefination.ExplorePageStepDefination.user_search_for_issuer_in_bond_search(ExplorePageStepDefination.java:46)
at âœ½.user search for issuer STATE BNK OF RAJAS in bond search(file:///C:/Users/kambl/eclipse-workspace/Indiabonds/src/test/java/features/Indiabonds.feature:16)
]]>
    </failure>
  </testcase> <!-- runScenario -->
  <system-out/>
  <testcase classname="TestNGRunner.TestNGRunner" name="runScenario" time="40.525"/>
  <system-out/>
</testsuite> <!-- TestNGRunner.TestNGRunner -->
